06/05/09 07:26:25 GUI Add update : /var/cache/axtu/updates-released/packages/elfutils-libelf-devel-0.137-3AXS3.i386.rpm
06/05/09 07:26:25 classRpmEngine RPMPROB_REQUIRES PackageNEVR:elfutils-libelf-devel-0.137-3AXS3.i386,  AlterNEVR:R elfutils-libelf-devel-static-i386 = 0.137-3AXS3
06/05/09 07:26:25 classRpmEngine Find required packages :  /var/cache/axtu/updates-released/packages/elfutils-libelf-devel-static-0.137-3AXS3.i386.rpm
06/05/09 07:26:25 classRpmEngine RPMPROB_REQUIRES PackageNEVR:elfutils-libelf-devel-0.137-3AXS3.i386,  AlterNEVR:R elfutils-libelf-i386 = 0.137-3AXS3
06/05/09 07:26:25 classRpmEngine Find required packages :  /var/cache/axtu/updates-released/packages/elfutils-libelf-0.137-3AXS3.i386.rpm
06/05/09 07:26:25 classRpmEngine RPMPROB_CONFLICT PackageNEVR:elfutils-libelf-0.125-3.x86_64,  AlterNEVR:C elfutils-libelf-devel > 0.125-3
06/05/09 07:26:25 classRpmEngine Find required packages :  /var/cache/axtu/updates-released/packages/elfutils-libelf-devel-0.137-3AXS3.x86_64.rpm
06/05/09 07:26:25 classRpmEngine RPMPROB_CONFLICT PackageNEVR:elfutils-libelf-0.125-3.i386,  AlterNEVR:C elfutils-libelf-devel > 0.125-3
06/05/09 07:26:25 classRpmEngine Find required packages :  /var/cache/axtu/updates-released/packages/elfutils-libelf-devel-0.137-3AXS3.i386.rpm
06/05/09 07:26:25 classRpmEngine RPMPROB_REQUIRES PackageNEVR:elfutils-devel-0.125-3.i386,  AlterNEVR:R elfutils-libelf-devel = 0.125-3
06/05/09 07:26:25 classRpmEngine Find required packages :  /var/cache/axtu/updates-released/packages/elfutils-libelf-devel-0.137-3AXS3.i386.rpm
06/05/09 07:26:25 classRpmEngine RPMPROB_CONFLICT PackageNEVR:elfutils-devel-0.125-3.i386,  AlterNEVR:C elfutils-libelf-devel > 0.125-3
06/05/09 07:26:25 classRpmEngine Find required packages :  /var/cache/axtu/updates-released/packages/elfutils-libelf-devel-0.137-3AXS3.i386.rpm
06/05/09 07:26:25 classRpmEngine RPMPROB_REQUIRES PackageNEVR:elfutils-libelf-devel-static-0.125-3.x86_64,  AlterNEVR:R elfutils-libelf-devel = 0.125-3
06/05/09 07:26:25 classRpmEngine Find required packages :  /var/cache/axtu/updates-released/packages/elfutils-libelf-devel-0.137-3AXS3.x86_64.rpm
06/05/09 07:26:25 classRpmEngine RPMPROB_CONFLICT PackageNEVR:elfutils-libelf-devel-static-0.125-3.x86_64,  AlterNEVR:C elfutils-libelf-devel > 0.125-3
06/05/09 07:26:25 classRpmEngine Find required packages :  /var/cache/axtu/updates-released/packages/elfutils-libelf-devel-0.137-3AXS3.x86_64.rpm
06/05/09 07:26:25 classRpmEngine RPMPROB_REQUIRES PackageNEVR:elfutils-devel-0.125-3.x86_64,  AlterNEVR:R elfutils-libelf-devel = 0.125-3
06/05/09 07:26:25 classRpmEngine Find required packages :  /var/cache/axtu/updates-released/packages/elfutils-libelf-devel-0.137-3AXS3.x86_64.rpm
06/05/09 07:26:25 classRpmEngine RPMPROB_CONFLICT PackageNEVR:elfutils-devel-0.125-3.x86_64,  AlterNEVR:C elfutils-libelf-devel > 0.125-3
06/05/09 07:26:25 classRpmEngine Find required packages :  /var/cache/axtu/updates-released/packages/elfutils-libelf-devel-0.137-3AXS3.x86_64.rpm
06/05/09 07:26:25 classRpmEngine RPMPROB_REQUIRES PackageNEVR:elfutils-devel-0.125-3.i386,  AlterNEVR:elfutils-devel
06/05/09 07:26:25 classRpmEngine Find required packages :  /var/cache/axtu/updates-released/packages/elfutils-devel-0.137-3AXS3.i386.rpm
06/05/09 07:26:25 classRpmEngine RPMPROB_CONFLICT PackageNEVR:elfutils-devel-0.125-3.i386,  AlterNEVR:elfutils-devel
06/05/09 07:26:25 classRpmEngine Find required packages :  /var/cache/axtu/updates-released/packages/elfutils-devel-0.137-3AXS3.i386.rpm
06/05/09 07:26:25 classRpmEngine RPMPROB_REQUIRES PackageNEVR:elfutils-libelf-devel-static-0.125-3.x86_64,  AlterNEVR:elfutils-libelf-devel-static
06/05/09 07:26:25 classRpmEngine Find required packages :  /var/cache/axtu/updates-released/packages/elfutils-libelf-devel-static-0.137-3AXS3.x86_64.rpm
06/05/09 07:26:25 classRpmEngine RPMPROB_CONFLICT PackageNEVR:elfutils-libelf-devel-static-0.125-3.x86_64,  AlterNEVR:elfutils-libelf-devel-static
06/05/09 07:26:25 classRpmEngine Find required packages :  /var/cache/axtu/updates-released/packages/elfutils-libelf-devel-static-0.137-3AXS3.x86_64.rpm
06/05/09 07:26:25 classRpmEngine RPMPROB_REQUIRES PackageNEVR:elfutils-devel-0.125-3.x86_64,  AlterNEVR:elfutils-devel
06/05/09 07:26:25 classRpmEngine Find required packages :  /var/cache/axtu/updates-released/packages/elfutils-devel-0.137-3AXS3.x86_64.rpm
06/05/09 07:26:25 classRpmEngine RPMPROB_CONFLICT PackageNEVR:elfutils-devel-0.125-3.x86_64,  AlterNEVR:elfutils-devel
06/05/09 07:26:25 classRpmEngine Find required packages :  /var/cache/axtu/updates-released/packages/elfutils-devel-0.137-3AXS3.x86_64.rpm
06/05/09 07:26:25 classRpmEngine RPMPROB_CONFLICT PackageNEVR:elfutils-libelf-0.125-3.x86_64,  AlterNEVR:C elfutils-libelf-devel > 0.125-3
06/05/09 07:26:25 classRpmEngine Find required packages :  /var/cache/axtu/updates-released/packages/elfutils-libelf-devel-0.137-3AXS3.x86_64.rpm
06/05/09 07:26:25 classRpmEngine RPMPROB_REQUIRES PackageNEVR:elfutils-libelf-devel-0.137-3AXS3.x86_64,  AlterNEVR:R elfutils-libelf-x86_64 = 0.137-3AXS3
06/05/09 07:26:25 classRpmEngine Find required packages :  /var/cache/axtu/updates-released/packages/elfutils-libelf-0.137-3AXS3.x86_64.rpm
06/05/09 07:26:25 classRpmEngine RPMPROB_REQUIRES PackageNEVR:elfutils-devel-0.137-3AXS3.i386,  AlterNEVR:R elfutils-devel-static-i386 = 0.137-3AXS3
06/05/09 07:26:25 classRpmEngine Find required packages :  /var/cache/axtu/updates-released/packages/elfutils-devel-static-0.137-3AXS3.i386.rpm
06/05/09 07:26:25 classRpmEngine RPMPROB_REQUIRES PackageNEVR:elfutils-devel-0.137-3AXS3.i386,  AlterNEVR:R elfutils-libs-i386 = 0.137-3AXS3
06/05/09 07:26:25 classRpmEngine Find required packages :  /var/cache/axtu/updates-released/packages/elfutils-libs-0.137-3AXS3.i386.rpm
06/05/09 07:26:25 classRpmEngine RPMPROB_REQUIRES PackageNEVR:elfutils-devel-0.137-3AXS3.i386,  AlterNEVR:R libasm.so.1
06/05/09 07:26:25 classRpmEngine Find required packages :  /var/cache/axtu/updates-released/packages/elfutils-libs-0.137-3AXS3.i386.rpm
06/05/09 07:26:25 classRpmEngine RPMPROB_CONFLICT PackageNEVR:elfutils-libs-0.125-3.x86_64,  AlterNEVR:C elfutils-devel > 0.125-3
06/05/09 07:26:25 classRpmEngine Find required packages :  /var/cache/axtu/updates-released/packages/elfutils-devel-0.137-3AXS3.x86_64.rpm
06/05/09 07:26:25 classRpmEngine RPMPROB_CONFLICT PackageNEVR:elfutils-libs-0.125-3.i386,  AlterNEVR:C elfutils-devel > 0.125-3
06/05/09 07:26:25 classRpmEngine Find required packages :  /var/cache/axtu/updates-released/packages/elfutils-devel-0.137-3AXS3.i386.rpm
06/05/09 07:26:25 classRpmEngine RPMPROB_REQUIRES PackageNEVR:elfutils-devel-static-0.125-3.x86_64,  AlterNEVR:R elfutils-devel = 0.125-3
06/05/09 07:26:25 classRpmEngine Find required packages :  /var/cache/axtu/updates-released/packages/elfutils-devel-0.137-3AXS3.x86_64.rpm
06/05/09 07:26:25 classRpmEngine RPMPROB_CONFLICT PackageNEVR:elfutils-devel-static-0.125-3.x86_64,  AlterNEVR:C elfutils-devel > 0.125-3
06/05/09 07:26:25 classRpmEngine Find required packages :  /var/cache/axtu/updates-released/packages/elfutils-devel-0.137-3AXS3.x86_64.rpm
06/05/09 07:26:25 classRpmEngine RPMPROB_REQUIRES PackageNEVR:elfutils-devel-0.137-3AXS3.x86_64,  AlterNEVR:R elfutils-devel-static-x86_64 = 0.137-3AXS3
06/05/09 07:26:25 classRpmEngine Find required packages :  /var/cache/axtu/updates-released/packages/elfutils-devel-static-0.137-3AXS3.x86_64.rpm
06/05/09 07:26:25 classRpmEngine RPMPROB_REQUIRES PackageNEVR:elfutils-devel-0.137-3AXS3.x86_64,  AlterNEVR:R elfutils-libs-x86_64 = 0.137-3AXS3
06/05/09 07:26:25 classRpmEngine Find required packages :  /var/cache/axtu/updates-released/packages/elfutils-libs-0.137-3AXS3.x86_64.rpm
06/05/09 07:26:25 classRpmEngine RPMPROB_REQUIRES PackageNEVR:elfutils-devel-0.137-3AXS3.x86_64,  AlterNEVR:R libasm.so.1()(64bit)
06/05/09 07:26:25 classRpmEngine Find required packages :  /var/cache/axtu/updates-released/packages/elfutils-libs-0.137-3AXS3.x86_64.rpm
06/05/09 07:26:25 classRpmEngine RPMPROB_REQUIRES PackageNEVR:elfutils-devel-static-0.125-3.x86_64,  AlterNEVR:elfutils-devel-static
06/05/09 07:26:25 classRpmEngine Find required packages :  /var/cache/axtu/updates-released/packages/elfutils-devel-static-0.137-3AXS3.x86_64.rpm
06/05/09 07:26:25 classRpmEngine RPMPROB_REQUIRES PackageNEVR:elfutils-devel-static-0.125-3.x86_64,  AlterNEVR:elfutils-devel-static
06/05/09 07:26:25 classRpmEngine Find required packages :  /var/cache/axtu/updates-released/packages/elfutils-devel-static-0.137-3AXS3.x86_64.rpm
06/05/09 07:26:25 classRpmEngine RPMPROB_CONFLICT PackageNEVR:elfutils-devel-static-0.125-3.x86_64,  AlterNEVR:elfutils-devel-static
06/05/09 07:26:25 classRpmEngine Find required packages :  /var/cache/axtu/updates-released/packages/elfutils-devel-static-0.137-3AXS3.x86_64.rpm
06/05/09 07:26:26 classRpmEngine RPMPROB_REQUIRES PackageNEVR:elfutils-libelf-0.137-3AXS3.x86_64,  AlterNEVR:R libc.so.6()(64bit)
06/05/09 07:26:26 classRpmEngine Find required packages :  /var/cache/axtu/updates-released/packages/glibc-2.5-34.1AXS3.x86_64.rpm
06/05/09 07:26:27 classRpmEngine RPMPROB_REQUIRES PackageNEVR:elfutils-libelf-0.137-3AXS3.x86_64,  AlterNEVR:R libc.so.6(GLIBC_2.2.5)(64bit)
06/05/09 07:26:27 classRpmEngine Find required packages :  /var/cache/axtu/updates-released/packages/glibc-2.5-34.1AXS3.x86_64.rpm
06/05/09 07:26:32 axtu-daemon Check update [Update Count : 582]
