05/29/09 03:28:07 [Authentication Error] Don't match your Authentication Key.
05/29/09 03:32:30 classRpmEngine failed to read package  /var/cache/axtu/updates-released/packages/jdk-1.6.0_13-fcs.x86_64.rpm
05/29/09 03:32:30 classRpmEngine AddInstallPackage() failed(return = 2)
05/29/09 03:33:57 classRpmEngine 	e4fsprogs is needed by anaconda-11.1.2.168-1.9AXS3.x86_64
05/29/09 03:33:57 classRpmEngine 	kudzu >= 1.2.57.1.18 is needed by anaconda-11.1.2.168-1.9AXS3.x86_64
05/29/09 03:33:57 classRpmEngine 	libdhcp6client-1.0.so.2()(64bit) is needed by anaconda-11.1.2.168-1.9AXS3.x86_64
05/29/09 03:33:57 classRpmEngine 	pam >= 0.99.6.2-3.27 is needed by authconfig-5.3.21-5.2AXS3.x86_64
05/29/09 03:33:57 classRpmEngine 	shadow-utils >= 2:4.0.17-13 is needed by authconfig-5.3.21-5.2AXS3.x86_64
05/29/09 03:33:57 classRpmEngine 	libdbus-1.so.3()(64bit) is needed by bind-9.3.4-10.P1.1AXS3.x86_64
05/29/09 03:33:57 classRpmEngine 	openldap = 2.3.43-3.1AXS3 is needed by compat-openldap-2.3.43_2.2.29-3.1AXS3.i386
05/29/09 03:33:57 classRpmEngine 	openldap = 2.3.43-3.1AXS3 is needed by compat-openldap-2.3.43_2.2.29-3.1AXS3.x86_64
05/29/09 03:33:57 classRpmEngine 	dbus-libs = 1.1.2-12AXS3 is needed by dbus-1.1.2-12AXS3.i386
05/29/09 03:33:57 classRpmEngine 	libdbus-1.so.3 is needed by dbus-1.1.2-12AXS3.i386
05/29/09 03:33:57 classRpmEngine 	dbus-libs = 1.1.2-12AXS3 is needed by dbus-1.1.2-12AXS3.x86_64
05/29/09 03:33:57 classRpmEngine 	libdbus-1.so.3()(64bit) is needed by dbus-1.1.2-12AXS3.x86_64
05/29/09 03:33:57 classRpmEngine 	libdbus-1.so.3 is needed by dbus-devel-1.1.2-12AXS3.i386
05/29/09 03:33:57 classRpmEngine 	libdbus-1.so.3()(64bit) is needed by dbus-devel-1.1.2-12AXS3.x86_64
05/29/09 03:33:57 classRpmEngine 	libdbus-1.so.3 is needed by dbus-glib-0.73-8AXS3.i386
05/29/09 03:33:57 classRpmEngine 	libdbus-1.so.3()(64bit) is needed by dbus-glib-0.73-8AXS3.x86_64
05/29/09 03:33:57 classRpmEngine 	elfutils-devel-static-i386 = 0.137-3AXS3 is needed by elfutils-devel-0.137-3AXS3.i386
05/29/09 03:33:57 classRpmEngine 	elfutils-libelf-devel-static-i386 = 0.137-3AXS3 is needed by elfutils-libelf-devel-0.137-3AXS3.i386
05/29/09 03:33:57 classRpmEngine 	xulrunner >= 1.9.0.10-1 is needed by firefox-3.0.10-1.2AXS3.x86_64
05/29/09 03:33:57 classRpmEngine 	libxpcom.so()(64bit) is needed by firefox-3.0.10-1.2AXS3.x86_64
05/29/09 03:33:57 classRpmEngine 	libxul.so()(64bit) is needed by firefox-3.0.10-1.2AXS3.x86_64
05/29/09 03:33:57 classRpmEngine 	libgcc >= 4.1.2-44.1 is needed by gcc-4.1.2-44.1.x86_64
05/29/09 03:33:57 classRpmEngine 	libgomp >= 4.1.2-44.1 is needed by gcc-4.1.2-44.1.x86_64
05/29/09 03:33:57 classRpmEngine 	libstdc++ = 4.1.2-44.1 is needed by gcc-c++-4.1.2-44.1.x86_64
05/29/09 03:33:57 classRpmEngine 	libstdc++-devel = 4.1.2-44.1 is needed by gcc-c++-4.1.2-44.1.x86_64
05/29/09 03:33:57 classRpmEngine 	libgfortran = 4.1.2-44.1 is needed by gcc-gfortran-4.1.2-44.1.x86_64
05/29/09 03:33:57 classRpmEngine 	libgnat = 4.1.2-44.1 is needed by gcc-gnat-4.1.2-44.1.x86_64
05/29/09 03:33:57 classRpmEngine 	libgcj = 4.1.2-44.1 is needed by gcc-java-4.1.2-44.1.x86_64
05/29/09 03:33:57 classRpmEngine 	libgcj-devel = 4.1.2-44.1 is needed by gcc-java-4.1.2-44.1.x86_64
05/29/09 03:33:57 classRpmEngine 	libobjc = 4.1.2-44.1 is needed by gcc-objc-4.1.2-44.1.x86_64
05/29/09 03:33:57 classRpmEngine 	libdbus-1.so.3 is needed by hal-0.5.8.1-38.1AXS3.i386
05/29/09 03:33:57 classRpmEngine 	libdbus-1.so.3()(64bit) is needed by hal-0.5.8.1-38.1AXS3.x86_64
05/29/09 03:33:57 classRpmEngine 	libdbus-1.so.3()(64bit) is needed by hal-gnome-0.5.8.1-38.1AXS3.x86_64
05/29/09 03:33:57 classRpmEngine 	libdat.so.1 is needed by (installed) openmpi-libs-1.2.3-4AXS3.i386
05/29/09 03:33:57 classRpmEngine 	libdat.so.1(DAT_1.2) is needed by (installed) openmpi-libs-1.2.3-4AXS3.i386
05/29/09 03:33:57 classRpmEngine 	libdat.so.1()(64bit) is needed by (installed) openmpi-libs-1.2.3-4AXS3.x86_64
05/29/09 03:33:57 classRpmEngine 	libdat.so.1(DAT_1.2)(64bit) is needed by (installed) openmpi-libs-1.2.3-4AXS3.x86_64
05/29/09 03:33:57 classRpmEngine 	libdbus-1.so.3 is needed by (installed) libgnomecups-0.2.2-8.i386
05/29/09 03:33:57 classRpmEngine 	libdbus-1.so.3 is needed by (installed) kdelibs-3.5.5-11.18AXS3.i386
05/29/09 03:33:57 classRpmEngine 	libdbus-1.so.3 is needed by (installed) gphoto2-2.2.0-3.i386
05/29/09 03:33:57 classRpmEngine 	libdbus-1.so.3 is needed by (installed) gnome-vfs2-2.16.2-4.i386
05/29/09 03:33:57 classRpmEngine 	libdbus-1.so.3 is needed by (installed) avahi-0.6.16-1AXS3.1.i386
05/29/09 03:33:57 classRpmEngine 	libdbus-1.so.3()(64bit) is needed by (installed) dbus-python-0.70-7.x86_64
05/29/09 03:33:57 classRpmEngine 	libdbus-1.so.3()(64bit) is needed by (installed) notification-daemon-0.3.5-8.x86_64
05/29/09 03:33:57 classRpmEngine 	libdbus-1.so.3()(64bit) is needed by (installed) libnotify-0.4.2-6.x86_64
05/29/09 03:33:57 classRpmEngine 	libdbus-1.so.3()(64bit) is needed by (installed) notify-python-0.1.0-3.x86_64
05/29/09 03:33:57 classRpmEngine 	libdbus-1.so.3()(64bit) is needed by (installed) NetworkManager-glib-0.6.4-6.1AX.x86_64
05/29/09 03:33:57 classRpmEngine 	libdbus-1.so.3()(64bit) is needed by (installed) dbus-qt-0.62-16.1AX.x86_64
05/29/09 03:33:57 classRpmEngine 	libdbus-1.so.3()(64bit) is needed by (installed) libgnomecups-0.2.2-8.x86_64
05/29/09 03:33:57 classRpmEngine 	libdbus-1.so.3()(64bit) is needed by (installed) shared-1.0-0108.1AXS3.x86_64
05/29/09 03:33:57 classRpmEngine 	libdbus-1.so.3()(64bit) is needed by (installed) gphoto2-2.2.0-3.x86_64
05/29/09 03:33:57 classRpmEngine 	libdbus-1.so.3()(64bit) is needed by (installed) kdebase-3.5.5-23.40AXS3.x86_64
05/29/09 03:33:57 classRpmEngine 	libdbus-1.so.3()(64bit) is needed by (installed) lime-providers-1.3.12-1AXS3.x86_64
05/29/09 03:33:57 classRpmEngine 	libdbus-1.so.3()(64bit) is needed by (installed) kdelibs-3.5.5-11.18AXS3.x86_64
05/29/09 03:33:57 classRpmEngine 	libdbus-1.so.3()(64bit) is needed by (installed) fileshareui-1.0-1229.9AXS3.x86_64
05/29/09 03:33:57 classRpmEngine 	libdbus-1.so.3()(64bit) is needed by (installed) printershareui-1.0-0110AXS3.x86_64
05/29/09 03:33:57 classRpmEngine 	libdbus-1.so.3()(64bit) is needed by (installed) gnome-vfs2-2.16.2-4.x86_64
05/29/09 03:33:57 classRpmEngine 	libdbus-1.so.3()(64bit) is needed by (installed) gnome-mount-0.5-3.x86_64
05/29/09 03:33:57 classRpmEngine 	libdbus-1.so.3()(64bit) is needed by (installed) krb5-auth-dialog-0.7-1.x86_64
05/29/09 03:33:57 classRpmEngine 	libdbus-1.so.3()(64bit) is needed by (installed) avahi-0.6.16-1AXS3.1.x86_64
05/29/09 03:33:57 classRpmEngine 	libdbus-1.so.3()(64bit) is needed by (installed) cups-1.3.7-8.4.1AXS3.x86_64
05/29/09 03:33:57 classRpmEngine 	libdmraid.so.1.0.0.rc13()(64bit) is needed by (installed) python-pyblock-0.26-1AXS3.x86_64
05/29/09 03:33:57 classRpmEngine 	libdmraid.so.1.0.0.rc13(Base)(64bit) is needed by (installed) python-pyblock-0.26-1AXS3.x86_64
05/29/09 03:33:57 classRpmEngine 	httpd = 0:2.2.3-11.4.1AXS3 is needed by (installed) mod_ssl-2.2.3-11.4.1AXS3.x86_64
