06/03/09 05:58:47 GUI Add update : /var/cache/axtu/updates-released/packages/dbus-1.1.2-12AXS3.x86_64.rpm
06/03/09 05:58:47 classRpmEngine RPMPROB_REQUIRES PackageNEVR:dbus-1.1.2-12AXS3.x86_64,  AlterNEVR:R dbus-libs = 1.1.2-12AXS3
06/03/09 05:58:47 classRpmEngine Find required packages :  /var/cache/axtu/updates-released/packages/dbus-libs-1.1.2-12AXS3.x86_64.rpm
06/03/09 05:58:47 classRpmEngine RPMPROB_REQUIRES PackageNEVR:dbus-1.1.2-12AXS3.x86_64,  AlterNEVR:R libdbus-1.so.3()(64bit)
06/03/09 05:58:47 classRpmEngine Find required packages :  /var/cache/axtu/updates-released/packages/dbus-libs-1.1.2-12AXS3.x86_64.rpm
06/03/09 05:58:47 classRpmEngine RPMPROB_REQUIRES PackageNEVR:dbus-glib-0.70-5.x86_64,  AlterNEVR:dbus-glib
06/03/09 05:58:47 classRpmEngine Find required packages :  /var/cache/axtu/updates-released/packages/dbus-glib-0.73-8AXS3.x86_64.rpm
06/03/09 05:58:47 classRpmEngine RPMPROB_REQUIRES PackageNEVR:dbus-python-0.70-7.x86_64,  AlterNEVR:dbus-python
06/03/09 05:58:47 classRpmEngine RPMPROB_REQUIRES PackageNEVR:notification-daemon-0.3.5-8.x86_64,  AlterNEVR:notification-daemon
06/03/09 05:58:47 classRpmEngine Find required packages :  /var/cache/axtu/updates-released/packages/notification-daemon-0.3.5-9.1AXS3.x86_64.rpm
06/03/09 05:58:47 classRpmEngine RPMPROB_REQUIRES PackageNEVR:libnotify-0.4.2-6.x86_64,  AlterNEVR:libnotify
06/03/09 05:58:47 classRpmEngine RPMPROB_REQUIRES PackageNEVR:notify-python-0.1.0-3.x86_64,  AlterNEVR:notify-python
06/03/09 05:58:47 classRpmEngine RPMPROB_REQUIRES PackageNEVR:NetworkManager-glib-0.6.4-6.1AX.x86_64,  AlterNEVR:NetworkManager-glib
06/03/09 05:58:47 classRpmEngine Find required packages :  /var/cache/axtu/updates-released/packages/NetworkManager-glib-0.7.0-4.1AXS3.x86_64.rpm
06/03/09 05:58:47 classRpmEngine RPMPROB_REQUIRES PackageNEVR:dbus-qt-0.62-16.1AX.x86_64,  AlterNEVR:dbus-qt
06/03/09 05:58:47 classRpmEngine RPMPROB_REQUIRES PackageNEVR:libgnomecups-0.2.2-8.x86_64,  AlterNEVR:libgnomecups
06/03/09 05:58:47 classRpmEngine RPMPROB_REQUIRES PackageNEVR:shared-1.0-0108.1AXS3.x86_64,  AlterNEVR:shared
06/03/09 05:58:47 classRpmEngine RPMPROB_REQUIRES PackageNEVR:hal-0.5.8.1-25.2AXS3.x86_64,  AlterNEVR:hal
06/03/09 05:58:47 classRpmEngine Find required packages :  /var/cache/axtu/updates-released/packages/hal-0.5.8.1-38.1AXS3.x86_64.rpm
06/03/09 05:58:47 classRpmEngine RPMPROB_REQUIRES PackageNEVR:gphoto2-2.2.0-3.x86_64,  AlterNEVR:gphoto2
06/03/09 05:58:47 classRpmEngine RPMPROB_REQUIRES PackageNEVR:kdebase-3.5.5-23.40AXS3.x86_64,  AlterNEVR:kdebase
06/03/09 05:58:47 classRpmEngine RPMPROB_REQUIRES PackageNEVR:lime-providers-1.3.12-1AXS3.x86_64,  AlterNEVR:lime-providers
06/03/09 05:58:47 classRpmEngine Find required packages :  /var/cache/axtu/updates-released/packages/lime-providers-1.3.12-2AXS3.x86_64.rpm
06/03/09 05:58:47 classRpmEngine RPMPROB_REQUIRES PackageNEVR:kdelibs-3.5.5-11.18AXS3.x86_64,  AlterNEVR:kdelibs
06/03/09 05:58:47 classRpmEngine Find required packages :  /var/cache/axtu/updates-released/packages/kdelibs-3.5.5-11.23AXS3.x86_64.rpm
06/03/09 05:58:47 classRpmEngine RPMPROB_REQUIRES PackageNEVR:fileshareui-1.0-1229.9AXS3.x86_64,  AlterNEVR:fileshareui
06/03/09 05:58:47 classRpmEngine RPMPROB_REQUIRES PackageNEVR:printershareui-1.0-0110AXS3.x86_64,  AlterNEVR:printershareui
06/03/09 05:58:47 classRpmEngine RPMPROB_REQUIRES PackageNEVR:gnome-vfs2-2.16.2-4.x86_64,  AlterNEVR:gnome-vfs2
06/03/09 05:58:47 classRpmEngine RPMPROB_REQUIRES PackageNEVR:gnome-mount-0.5-3.x86_64,  AlterNEVR:gnome-mount
06/03/09 05:58:47 classRpmEngine RPMPROB_REQUIRES PackageNEVR:krb5-auth-dialog-0.7-1.x86_64,  AlterNEVR:krb5-auth-dialog
06/03/09 05:58:47 classRpmEngine RPMPROB_REQUIRES PackageNEVR:bind-9.3.3-10.5AXS3.x86_64,  AlterNEVR:bind
06/03/09 05:58:47 classRpmEngine Find required packages :  /var/cache/axtu/updates-released/packages/bind-9.3.4-10.P1.1AXS3.x86_64.rpm
06/03/09 05:58:47 classRpmEngine RPMPROB_REQUIRES PackageNEVR:avahi-0.6.16-1AXS3.1.x86_64,  AlterNEVR:avahi
06/03/09 05:58:47 classRpmEngine RPMPROB_REQUIRES PackageNEVR:cups-1.3.7-8.4.1AXS3.x86_64,  AlterNEVR:cups
06/03/09 05:58:52 axtu-daemon Check update [Update Count : 578]
